<?xml version="1.0" encoding="UTF-8"?>
<testsuite name="com.springjava4dev.interceptor.SpringMvcHandlerInterceptorApplicationTests" time="0.008" tests="1" errors="1" skipped="0" failures="0">
  <properties>
    <property name="java.runtime.name" value="Java(TM) SE Runtime Environment"/>
    <property name="sun.boot.library.path" value="C:\Program Files\Java\jdk1.8.0_71\jre\bin"/>
    <property name="java.vm.version" value="25.71-b15"/>
    <property name="java.vm.vendor" value="Oracle Corporation"/>
    <property name="maven.multiModuleProjectDirectory" value="C:\Users\Mark\eclipse_workspaces\workspace_photoSorter\photo-sorter"/>
    <property name="java.vendor.url" value="http://java.oracle.com/"/>
    <property name="path.separator" value=";"/>
    <property name="guice.disable.misplaced.annotation.check" value="true"/>
    <property name="java.vm.name" value="Java HotSpot(TM) 64-Bit Server VM"/>
    <property name="file.encoding.pkg" value="sun.io"/>
    <property name="user.script" value=""/>
    <property name="user.country" value="GB"/>
    <property name="sun.java.launcher" value="SUN_STANDARD"/>
    <property name="sun.os.patch.level" value=""/>
    <property name="java.vm.specification.name" value="Java Virtual Machine Specification"/>
    <property name="user.dir" value="C:\Users\Mark\eclipse_workspaces\workspace_photoSorter\photo-sorter"/>
    <property name="java.runtime.version" value="1.8.0_71-b15"/>
    <property name="java.awt.graphicsenv" value="sun.awt.Win32GraphicsEnvironment"/>
    <property name="java.endorsed.dirs" value="C:\Program Files\Java\jdk1.8.0_71\jre\lib\endorsed"/>
    <property name="os.arch" value="amd64"/>
    <property name="java.io.tmpdir" value="C:\Users\Mark\AppData\Local\Temp\"/>
    <property name="line.separator" value="&#10;"/>
    <property name="java.vm.specification.vendor" value="Oracle Corporation"/>
    <property name="user.variant" value=""/>
    <property name="os.name" value="Windows 10"/>
    <property name="classworlds.conf" value="C:\Users\Mark\eclipse_workspaces\workspace_photoSorter\.metadata\.plugins\org.eclipse.m2e.launching\launches\m2conf772693127092915632.tmp"/>
    <property name="sun.jnu.encoding" value="Cp1252"/>
    <property name="java.library.path" value="C:\Program Files\Java\jdk1.8.0_71\bin;C:\WINDOWS\Sun\Java\bin;C:\WINDOWS\system32;C:\WINDOWS;C:/Program Files/Java/jre1.8.0_101/bin/server;C:/Program Files/Java/jre1.8.0_101/bin;C:/Program Files/Java/jre1.8.0_101/lib/amd64;C:\Python27\Lib\site-packages\PyQt4;C:\ProgramData\Oracle\Java\javapath;C:\Windows\system32;C:\Windows;C:\Windows\System32\Wbem;C:\Windows\System32\WindowsPowerShell\v1.0\;C:\Program Files (x86)\AMD\ATI.ACE\Core-Static;C:\Python27;C:\Python27\DLLs;C:\Python27\Scripts;C:\Python27\Lib\site-packages\vtk;C:\Python27\gnuplot\binary;C:\Python27\Lib\site-packages\osgeo;C:\Program Files (x86)\pythonxy\SciTE-3.5.1-4;C:\Program Files (x86)\pythonxy\console;C:\Program Files (x86)\pythonxy\swig;C:\Program Files (x86)\pythonxy\gettext\bin;C:\Program Files\MiKTeX 2.9\miktex\bin\x64\;C:\Program Files (x86)\Skype\Phone\;C:\Program Files (x86)\QuickTime\QTSystem\;C:\Program Files (x86)\GtkSharp\2.12\bin;C:\WINDOWS\system32;C:\WINDOWS;C:\WINDOWS\System32\Wbem;C:\WINDOWS\System32\WindowsPowerShell\v1.0\;C:\apache-maven-3.3.9\bin;C:\HashiCorp\Vagrant\bin;C:\Java\jdk1.8.0_71\bin;C:\Users\Mark\AppData\Local\Microsoft\WindowsApps;;C:\Users\Mark\eclipse\jee-neon\eclipse;;."/>
    <property name="java.specification.name" value="Java Platform API Specification"/>
    <property name="java.class.version" value="52.0"/>
    <property name="sun.management.compiler" value="HotSpot 64-Bit Tiered Compilers"/>
    <property name="os.version" value="10.0"/>
    <property name="user.home" value="C:\Users\Mark"/>
    <property name="user.timezone" value="Europe/London"/>
    <property name="java.awt.printerjob" value="sun.awt.windows.WPrinterJob"/>
    <property name="java.specification.version" value="1.8"/>
    <property name="file.encoding" value="Cp1252"/>
    <property name="user.name" value="Mark"/>
    <property name="java.class.path" value="/C:/Users/Mark/eclipse/jee-neon/eclipse/../../../.p2/pool/plugins/org.eclipse.m2e.maven.runtime_1.7.0.20160603-1931/jars/plexus-classworlds-2.5.2.jar"/>
    <property name="java.vm.specification.version" value="1.8"/>
    <property name="sun.arch.data.model" value="64"/>
    <property name="java.home" value="C:\Program Files\Java\jdk1.8.0_71\jre"/>
    <property name="sun.java.command" value="org.codehaus.plexus.classworlds.launcher.Launcher -B install"/>
    <property name="java.specification.vendor" value="Oracle Corporation"/>
    <property name="user.language" value="en"/>
    <property name="awt.toolkit" value="sun.awt.windows.WToolkit"/>
    <property name="java.vm.info" value="mixed mode"/>
    <property name="java.version" value="1.8.0_71"/>
    <property name="java.ext.dirs" value="C:\Program Files\Java\jdk1.8.0_71\jre\lib\ext;C:\WINDOWS\Sun\Java\lib\ext"/>
    <property name="sun.boot.class.path" value="C:\Program Files\Java\jdk1.8.0_71\jre\lib\resources.jar;C:\Program Files\Java\jdk1.8.0_71\jre\lib\rt.jar;C:\Program Files\Java\jdk1.8.0_71\jre\lib\sunrsasign.jar;C:\Program Files\Java\jdk1.8.0_71\jre\lib\jsse.jar;C:\Program Files\Java\jdk1.8.0_71\jre\lib\jce.jar;C:\Program Files\Java\jdk1.8.0_71\jre\lib\charsets.jar;C:\Program Files\Java\jdk1.8.0_71\jre\lib\jfr.jar;C:\Program Files\Java\jdk1.8.0_71\jre\classes"/>
    <property name="java.vendor" value="Oracle Corporation"/>
    <property name="maven.home" value="C:\Users\Mark\eclipse_workspaces\workspace_photoSorter\photo-sorter\EMBEDDED"/>
    <property name="file.separator" value="\"/>
    <property name="java.vendor.url.bug" value="http://bugreport.sun.com/bugreport/"/>
    <property name="sun.cpu.endian" value="little"/>
    <property name="sun.io.unicode.encoding" value="UnicodeLittle"/>
    <property name="sun.desktop" value="windows"/>
    <property name="sun.cpu.isalist" value="amd64"/>
  </properties>
  <testcase name="initializationError" classname="com.springjava4dev.interceptor.SpringMvcHandlerInterceptorApplicationTests" time="0.008">
    <error message="Unable to find a @SpringBootConfiguration, you need to use @ContextConfiguration or @SpringBootTest(classes=...) with your test" type="java.lang.IllegalStateException"><![CDATA[java.lang.IllegalStateException: Unable to find a @SpringBootConfiguration, you need to use @ContextConfiguration or @SpringBootTest(classes=...) with your test
	at org.springframework.util.Assert.state(Assert.java:392)
	at org.springframework.boot.test.context.SpringBootTestContextBootstrapper.getOrFindConfigurationClasses(SpringBootTestContextBootstrapper.java:156)
	at org.springframework.boot.test.context.SpringBootTestContextBootstrapper.processMergedContextConfiguration(SpringBootTestContextBootstrapper.java:116)
	at org.springframework.test.context.support.AbstractTestContextBootstrapper.buildMergedContextConfiguration(AbstractTestContextBootstrapper.java:409)
	at org.springframework.test.context.support.AbstractTestContextBootstrapper.buildDefaultMergedContextConfiguration(AbstractTestContextBootstrapper.java:323)
	at org.springframework.test.context.support.AbstractTestContextBootstrapper.buildMergedContextConfiguration(AbstractTestContextBootstrapper.java:277)
	at org.springframework.test.context.support.AbstractTestContextBootstrapper.buildTestContext(AbstractTestContextBootstrapper.java:112)
	at org.springframework.boot.test.context.SpringBootTestContextBootstrapper.buildTestContext(SpringBootTestContextBootstrapper.java:74)
	at org.springframework.test.context.TestContextManager.<init>(TestContextManager.java:120)
	at org.springframework.test.context.TestContextManager.<init>(TestContextManager.java:105)
	at org.springframework.test.context.junit4.SpringJUnit4ClassRunner.createTestContextManager(SpringJUnit4ClassRunner.java:152)
	at org.springframework.test.context.junit4.SpringJUnit4ClassRunner.<init>(SpringJUnit4ClassRunner.java:143)
	at org.springframework.test.context.junit4.SpringRunner.<init>(SpringRunner.java:49)
	at sun.reflect.NativeConstructorAccessorImpl.newInstance0(Native Method)
	at sun.reflect.NativeConstructorAccessorImpl.newInstance(NativeConstructorAccessorImpl.java:62)
	at sun.reflect.DelegatingConstructorAccessorImpl.newInstance(DelegatingConstructorAccessorImpl.java:45)
	at java.lang.reflect.Constructor.newInstance(Constructor.java:422)
	at org.junit.internal.builders.AnnotatedBuilder.buildRunner(AnnotatedBuilder.java:104)
	at org.junit.internal.builders.AnnotatedBuilder.runnerForClass(AnnotatedBuilder.java:86)
	at org.junit.runners.model.RunnerBuilder.safeRunnerForClass(RunnerBuilder.java:59)
	at org.junit.internal.builders.AllDefaultPossibilitiesBuilder.runnerForClass(AllDefaultPossibilitiesBuilder.java:26)
	at org.junit.runners.model.RunnerBuilder.safeRunnerForClass(RunnerBuilder.java:59)
	at org.junit.internal.requests.ClassRequest.getRunner(ClassRequest.java:33)
	at org.apache.maven.surefire.junit4.JUnit4Provider.execute(JUnit4Provider.java:283)
	at org.apache.maven.surefire.junit4.JUnit4Provider.executeWithRerun(JUnit4Provider.java:173)
	at org.apache.maven.surefire.junit4.JUnit4Provider.executeTestSet(JUnit4Provider.java:153)
	at org.apache.maven.surefire.junit4.JUnit4Provider.invoke(JUnit4Provider.java:128)
	at org.apache.maven.surefire.booter.ForkedBooter.invokeProviderInSameClassLoader(ForkedBooter.java:203)
	at org.apache.maven.surefire.booter.ForkedBooter.runSuitesInProcess(ForkedBooter.java:155)
	at org.apache.maven.surefire.booter.ForkedBooter.main(ForkedBooter.java:103)
]]></error>
    <system-out><![CDATA[16:26:24.913 [main] DEBUG org.springframework.test.context.junit4.SpringJUnit4ClassRunner - SpringJUnit4ClassRunner constructor called with [class com.springjava4dev.interceptor.SpringMvcHandlerInterceptorApplicationTests]
16:26:24.937 [main] DEBUG org.springframework.test.context.BootstrapUtils - Instantiating CacheAwareContextLoaderDelegate from class [org.springframework.test.context.cache.DefaultCacheAwareContextLoaderDelegate]
16:26:24.947 [main] DEBUG org.springframework.test.context.BootstrapUtils - Instantiating BootstrapContext using constructor [public org.springframework.test.context.support.DefaultBootstrapContext(java.lang.Class,org.springframework.test.context.CacheAwareContextLoaderDelegate)]
16:26:24.970 [main] DEBUG org.springframework.test.context.BootstrapUtils - Instantiating TestContextBootstrapper for test class [com.springjava4dev.interceptor.SpringMvcHandlerInterceptorApplicationTests] from class [org.springframework.boot.test.context.SpringBootTestContextBootstrapper]
16:26:24.985 [main] INFO org.springframework.boot.test.context.SpringBootTestContextBootstrapper - Neither @ContextConfiguration nor @ContextHierarchy found for test class [com.springjava4dev.interceptor.SpringMvcHandlerInterceptorApplicationTests], using SpringBootContextLoader
16:26:24.989 [main] DEBUG org.springframework.test.context.support.AbstractContextLoader - Did not detect default resource location for test class [com.springjava4dev.interceptor.SpringMvcHandlerInterceptorApplicationTests]: class path resource [com/springjava4dev/interceptor/SpringMvcHandlerInterceptorApplicationTests-context.xml] does not exist
16:26:24.990 [main] DEBUG org.springframework.test.context.support.AbstractContextLoader - Did not detect default resource location for test class [com.springjava4dev.interceptor.SpringMvcHandlerInterceptorApplicationTests]: class path resource [com/springjava4dev/interceptor/SpringMvcHandlerInterceptorApplicationTestsContext.groovy] does not exist
16:26:24.990 [main] INFO org.springframework.test.context.support.AbstractContextLoader - Could not detect default resource locations for test class [com.springjava4dev.interceptor.SpringMvcHandlerInterceptorApplicationTests]: no resource found for suffixes {-context.xml, Context.groovy}.
16:26:24.991 [main] INFO org.springframework.test.context.support.AnnotationConfigContextLoaderUtils - Could not detect default configuration classes for test class [com.springjava4dev.interceptor.SpringMvcHandlerInterceptorApplicationTests]: SpringMvcHandlerInterceptorApplicationTests does not declare any static, non-private, non-final, nested classes annotated with @Configuration.
16:26:25.053 [main] DEBUG org.springframework.test.context.support.ActiveProfilesUtils - Could not find an 'annotation declaring class' for annotation type [org.springframework.test.context.ActiveProfiles] and class [com.springjava4dev.interceptor.SpringMvcHandlerInterceptorApplicationTests]
16:26:25.099 [main] DEBUG org.springframework.core.env.StandardEnvironment - Adding [systemProperties] PropertySource with lowest search precedence
16:26:25.100 [main] DEBUG org.springframework.core.env.StandardEnvironment - Adding [systemEnvironment] PropertySource with lowest search precedence
16:26:25.100 [main] DEBUG org.springframework.core.env.StandardEnvironment - Initialized StandardEnvironment with PropertySources [systemProperties,systemEnvironment]
16:26:25.111 [main] DEBUG org.springframework.core.io.support.PathMatchingResourcePatternResolver - Resolved classpath location [com/springjava4dev/interceptor/] to resources [URL [file:/C:/Users/Mark/eclipse_workspaces/workspace_photoSorter/photo-sorter/target/test-classes/com/springjava4dev/interceptor/]]
16:26:25.111 [main] DEBUG org.springframework.core.io.support.PathMatchingResourcePatternResolver - Looking for matching resources in directory tree [C:\Users\Mark\eclipse_workspaces\workspace_photoSorter\photo-sorter\target\test-classes\com\springjava4dev\interceptor]
16:26:25.112 [main] DEBUG org.springframework.core.io.support.PathMatchingResourcePatternResolver - Searching directory [C:\Users\Mark\eclipse_workspaces\workspace_photoSorter\photo-sorter\target\test-classes\com\springjava4dev\interceptor] for files matching pattern [C:/Users/Mark/eclipse_workspaces/workspace_photoSorter/photo-sorter/target/test-classes/com/springjava4dev/interceptor/*.class]
16:26:25.115 [main] DEBUG org.springframework.core.io.support.PathMatchingResourcePatternResolver - Resolved location pattern [classpath*:com/springjava4dev/interceptor/*.class] to resources [file [C:\Users\Mark\eclipse_workspaces\workspace_photoSorter\photo-sorter\target\test-classes\com\springjava4dev\interceptor\SpringMvcHandlerInterceptorApplicationTests.class]]
16:26:25.131 [main] DEBUG org.springframework.core.io.support.PathMatchingResourcePatternResolver - Resolved classpath location [com/springjava4dev/] to resources [URL [file:/C:/Users/Mark/eclipse_workspaces/workspace_photoSorter/photo-sorter/target/test-classes/com/springjava4dev/]]
16:26:25.131 [main] DEBUG org.springframework.core.io.support.PathMatchingResourcePatternResolver - Looking for matching resources in directory tree [C:\Users\Mark\eclipse_workspaces\workspace_photoSorter\photo-sorter\target\test-classes\com\springjava4dev]
16:26:25.131 [main] DEBUG org.springframework.core.io.support.PathMatchingResourcePatternResolver - Searching directory [C:\Users\Mark\eclipse_workspaces\workspace_photoSorter\photo-sorter\target\test-classes\com\springjava4dev] for files matching pattern [C:/Users/Mark/eclipse_workspaces/workspace_photoSorter/photo-sorter/target/test-classes/com/springjava4dev/*.class]
16:26:25.132 [main] DEBUG org.springframework.core.io.support.PathMatchingResourcePatternResolver - Resolved location pattern [classpath*:com/springjava4dev/*.class] to resources []
16:26:25.133 [main] DEBUG org.springframework.core.io.support.PathMatchingResourcePatternResolver - Resolved classpath location [com/] to resources [URL [file:/C:/Users/Mark/eclipse_workspaces/workspace_photoSorter/photo-sorter/target/test-classes/com/], URL [file:/C:/Users/Mark/eclipse_workspaces/workspace_photoSorter/photo-sorter/target/classes/com/], URL [jar:file:/C:/Users/Mark/.m2/repository/com/fasterxml/classmate/1.3.1/classmate-1.3.1.jar!/com/], URL [jar:file:/C:/Users/Mark/.m2/repository/com/fasterxml/jackson/core/jackson-databind/2.8.1/jackson-databind-2.8.1.jar!/com/], URL [jar:file:/C:/Users/Mark/.m2/repository/com/fasterxml/jackson/core/jackson-annotations/2.8.1/jackson-annotations-2.8.1.jar!/com/], URL [jar:file:/C:/Users/Mark/.m2/repository/com/jayway/jsonpath/json-path/2.2.0/json-path-2.2.0.jar!/com/], URL [jar:file:/C:/Users/Mark/.m2/repository/com/datastax/cassandra/cassandra-driver-dse/2.1.9/cassandra-driver-dse-2.1.9.jar!/com/], URL [jar:file:/C:/Users/Mark/.m2/repository/com/datastax/cassandra/cassandra-driver-core/2.1.9/cassandra-driver-core-2.1.9.jar!/com/], URL [jar:file:/C:/Users/Mark/.m2/repository/com/google/guava/guava/16.0.1/guava-16.0.1.jar!/com/], URL [jar:file:/C:/Users/Mark/.m2/repository/com/codahale/metrics/metrics-core/3.0.2/metrics-core-3.0.2.jar!/com/], URL [jar:file:/C:/Users/Mark/.m2/repository/com/fasterxml/jackson/datatype/jackson-datatype-guava/2.8.1/jackson-datatype-guava-2.8.1.jar!/com/], URL [jar:file:/C:/Users/Mark/.m2/repository/com/fasterxml/jackson/core/jackson-core/2.8.1/jackson-core-2.8.1.jar!/com/], URL [jar:file:/C:/Users/Mark/.m2/repository/com/fasterxml/jackson-xml-databind/0.6.2/jackson-xml-databind-0.6.2.jar!/com/]]
16:26:25.134 [main] DEBUG org.springframework.core.io.support.PathMatchingResourcePatternResolver - Looking for matching resources in directory tree [C:\Users\Mark\eclipse_workspaces\workspace_photoSorter\photo-sorter\target\test-classes\com]
16:26:25.134 [main] DEBUG org.springframework.core.io.support.PathMatchingResourcePatternResolver - Searching directory [C:\Users\Mark\eclipse_workspaces\workspace_photoSorter\photo-sorter\target\test-classes\com] for files matching pattern [C:/Users/Mark/eclipse_workspaces/workspace_photoSorter/photo-sorter/target/test-classes/com/*.class]
16:26:25.135 [main] DEBUG org.springframework.core.io.support.PathMatchingResourcePatternResolver - Looking for matching resources in directory tree [C:\Users\Mark\eclipse_workspaces\workspace_photoSorter\photo-sorter\target\classes\com]
16:26:25.135 [main] DEBUG org.springframework.core.io.support.PathMatchingResourcePatternResolver - Searching directory [C:\Users\Mark\eclipse_workspaces\workspace_photoSorter\photo-sorter\target\classes\com] for files matching pattern [C:/Users/Mark/eclipse_workspaces/workspace_photoSorter/photo-sorter/target/classes/com/*.class]
16:26:25.136 [main] DEBUG org.springframework.core.io.support.PathMatchingResourcePatternResolver - Looking for matching resources in jar file [file:/C:/Users/Mark/.m2/repository/com/fasterxml/classmate/1.3.1/classmate-1.3.1.jar]
16:26:25.137 [main] DEBUG org.springframework.core.io.support.PathMatchingResourcePatternResolver - Looking for matching resources in jar file [file:/C:/Users/Mark/.m2/repository/com/fasterxml/jackson/core/jackson-databind/2.8.1/jackson-databind-2.8.1.jar]
16:26:25.149 [main] DEBUG org.springframework.core.io.support.PathMatchingResourcePatternResolver - Looking for matching resources in jar file [file:/C:/Users/Mark/.m2/repository/com/fasterxml/jackson/core/jackson-annotations/2.8.1/jackson-annotations-2.8.1.jar]
16:26:25.151 [main] DEBUG org.springframework.core.io.support.PathMatchingResourcePatternResolver - Looking for matching resources in jar file [file:/C:/Users/Mark/.m2/repository/com/jayway/jsonpath/json-path/2.2.0/json-path-2.2.0.jar]
16:26:25.154 [main] DEBUG org.springframework.core.io.support.PathMatchingResourcePatternResolver - Looking for matching resources in jar file [file:/C:/Users/Mark/.m2/repository/com/datastax/cassandra/cassandra-driver-dse/2.1.9/cassandra-driver-dse-2.1.9.jar]
16:26:25.155 [main] DEBUG org.springframework.core.io.support.PathMatchingResourcePatternResolver - Looking for matching resources in jar file [file:/C:/Users/Mark/.m2/repository/com/datastax/cassandra/cassandra-driver-core/2.1.9/cassandra-driver-core-2.1.9.jar]
16:26:25.161 [main] DEBUG org.springframework.core.io.support.PathMatchingResourcePatternResolver - Looking for matching resources in jar file [file:/C:/Users/Mark/.m2/repository/com/google/guava/guava/16.0.1/guava-16.0.1.jar]
16:26:25.173 [main] DEBUG org.springframework.core.io.support.PathMatchingResourcePatternResolver - Looking for matching resources in jar file [file:/C:/Users/Mark/.m2/repository/com/codahale/metrics/metrics-core/3.0.2/metrics-core-3.0.2.jar]
16:26:25.174 [main] DEBUG org.springframework.core.io.support.PathMatchingResourcePatternResolver - Looking for matching resources in jar file [file:/C:/Users/Mark/.m2/repository/com/fasterxml/jackson/datatype/jackson-datatype-guava/2.8.1/jackson-datatype-guava-2.8.1.jar]
16:26:25.174 [main] DEBUG org.springframework.core.io.support.PathMatchingResourcePatternResolver - Looking for matching resources in jar file [file:/C:/Users/Mark/.m2/repository/com/fasterxml/jackson/core/jackson-core/2.8.1/jackson-core-2.8.1.jar]
16:26:25.175 [main] DEBUG org.springframework.core.io.support.PathMatchingResourcePatternResolver - Looking for matching resources in jar file [file:/C:/Users/Mark/.m2/repository/com/fasterxml/jackson-xml-databind/0.6.2/jackson-xml-databind-0.6.2.jar]
16:26:25.175 [main] DEBUG org.springframework.core.io.support.PathMatchingResourcePatternResolver - Resolved location pattern [classpath*:com/*.class] to resources []
16:26:25.180 [main] DEBUG org.springframework.test.context.junit4.SpringJUnit4ClassRunner - SpringJUnit4ClassRunner constructor called with [class com.springjava4dev.interceptor.SpringMvcHandlerInterceptorApplicationTests]
16:26:25.180 [main] DEBUG org.springframework.test.context.BootstrapUtils - Instantiating CacheAwareContextLoaderDelegate from class [org.springframework.test.context.cache.DefaultCacheAwareContextLoaderDelegate]
16:26:25.181 [main] DEBUG org.springframework.test.context.BootstrapUtils - Instantiating BootstrapContext using constructor [public org.springframework.test.context.support.DefaultBootstrapContext(java.lang.Class,org.springframework.test.context.CacheAwareContextLoaderDelegate)]
16:26:25.181 [main] DEBUG org.springframework.test.context.BootstrapUtils - Instantiating TestContextBootstrapper for test class [com.springjava4dev.interceptor.SpringMvcHandlerInterceptorApplicationTests] from class [org.springframework.boot.test.context.SpringBootTestContextBootstrapper]
16:26:25.182 [main] INFO org.springframework.boot.test.context.SpringBootTestContextBootstrapper - Neither @ContextConfiguration nor @ContextHierarchy found for test class [com.springjava4dev.interceptor.SpringMvcHandlerInterceptorApplicationTests], using SpringBootContextLoader
16:26:25.183 [main] DEBUG org.springframework.test.context.support.AbstractContextLoader - Did not detect default resource location for test class [com.springjava4dev.interceptor.SpringMvcHandlerInterceptorApplicationTests]: class path resource [com/springjava4dev/interceptor/SpringMvcHandlerInterceptorApplicationTests-context.xml] does not exist
16:26:25.183 [main] DEBUG org.springframework.test.context.support.AbstractContextLoader - Did not detect default resource location for test class [com.springjava4dev.interceptor.SpringMvcHandlerInterceptorApplicationTests]: class path resource [com/springjava4dev/interceptor/SpringMvcHandlerInterceptorApplicationTestsContext.groovy] does not exist
16:26:25.183 [main] INFO org.springframework.test.context.support.AbstractContextLoader - Could not detect default resource locations for test class [com.springjava4dev.interceptor.SpringMvcHandlerInterceptorApplicationTests]: no resource found for suffixes {-context.xml, Context.groovy}.
16:26:25.183 [main] INFO org.springframework.test.context.support.AnnotationConfigContextLoaderUtils - Could not detect default configuration classes for test class [com.springjava4dev.interceptor.SpringMvcHandlerInterceptorApplicationTests]: SpringMvcHandlerInterceptorApplicationTests does not declare any static, non-private, non-final, nested classes annotated with @Configuration.
16:26:25.189 [main] DEBUG org.springframework.test.context.support.ActiveProfilesUtils - Could not find an 'annotation declaring class' for annotation type [org.springframework.test.context.ActiveProfiles] and class [com.springjava4dev.interceptor.SpringMvcHandlerInterceptorApplicationTests]
16:26:25.191 [main] DEBUG org.springframework.core.env.StandardEnvironment - Adding [systemProperties] PropertySource with lowest search precedence
16:26:25.191 [main] DEBUG org.springframework.core.env.StandardEnvironment - Adding [systemEnvironment] PropertySource with lowest search precedence
16:26:25.191 [main] DEBUG org.springframework.core.env.StandardEnvironment - Initialized StandardEnvironment with PropertySources [systemProperties,systemEnvironment]
16:26:25.192 [main] DEBUG org.springframework.core.io.support.PathMatchingResourcePatternResolver - Resolved classpath location [com/springjava4dev/interceptor/] to resources [URL [file:/C:/Users/Mark/eclipse_workspaces/workspace_photoSorter/photo-sorter/target/test-classes/com/springjava4dev/interceptor/]]
16:26:25.192 [main] DEBUG org.springframework.core.io.support.PathMatchingResourcePatternResolver - Looking for matching resources in directory tree [C:\Users\Mark\eclipse_workspaces\workspace_photoSorter\photo-sorter\target\test-classes\com\springjava4dev\interceptor]
16:26:25.192 [main] DEBUG org.springframework.core.io.support.PathMatchingResourcePatternResolver - Searching directory [C:\Users\Mark\eclipse_workspaces\workspace_photoSorter\photo-sorter\target\test-classes\com\springjava4dev\interceptor] for files matching pattern [C:/Users/Mark/eclipse_workspaces/workspace_photoSorter/photo-sorter/target/test-classes/com/springjava4dev/interceptor/*.class]
16:26:25.194 [main] DEBUG org.springframework.core.io.support.PathMatchingResourcePatternResolver - Resolved location pattern [classpath*:com/springjava4dev/interceptor/*.class] to resources [file [C:\Users\Mark\eclipse_workspaces\workspace_photoSorter\photo-sorter\target\test-classes\com\springjava4dev\interceptor\SpringMvcHandlerInterceptorApplicationTests.class]]
16:26:25.195 [main] DEBUG org.springframework.core.io.support.PathMatchingResourcePatternResolver - Resolved classpath location [com/springjava4dev/] to resources [URL [file:/C:/Users/Mark/eclipse_workspaces/workspace_photoSorter/photo-sorter/target/test-classes/com/springjava4dev/]]
16:26:25.196 [main] DEBUG org.springframework.core.io.support.PathMatchingResourcePatternResolver - Looking for matching resources in directory tree [C:\Users\Mark\eclipse_workspaces\workspace_photoSorter\photo-sorter\target\test-classes\com\springjava4dev]
16:26:25.196 [main] DEBUG org.springframework.core.io.support.PathMatchingResourcePatternResolver - Searching directory [C:\Users\Mark\eclipse_workspaces\workspace_photoSorter\photo-sorter\target\test-classes\com\springjava4dev] for files matching pattern [C:/Users/Mark/eclipse_workspaces/workspace_photoSorter/photo-sorter/target/test-classes/com/springjava4dev/*.class]
16:26:25.196 [main] DEBUG org.springframework.core.io.support.PathMatchingResourcePatternResolver - Resolved location pattern [classpath*:com/springjava4dev/*.class] to resources []
16:26:25.198 [main] DEBUG org.springframework.core.io.support.PathMatchingResourcePatternResolver - Resolved classpath location [com/] to resources [URL [file:/C:/Users/Mark/eclipse_workspaces/workspace_photoSorter/photo-sorter/target/test-classes/com/], URL [file:/C:/Users/Mark/eclipse_workspaces/workspace_photoSorter/photo-sorter/target/classes/com/], URL [jar:file:/C:/Users/Mark/.m2/repository/com/fasterxml/classmate/1.3.1/classmate-1.3.1.jar!/com/], URL [jar:file:/C:/Users/Mark/.m2/repository/com/fasterxml/jackson/core/jackson-databind/2.8.1/jackson-databind-2.8.1.jar!/com/], URL [jar:file:/C:/Users/Mark/.m2/repository/com/fasterxml/jackson/core/jackson-annotations/2.8.1/jackson-annotations-2.8.1.jar!/com/], URL [jar:file:/C:/Users/Mark/.m2/repository/com/jayway/jsonpath/json-path/2.2.0/json-path-2.2.0.jar!/com/], URL [jar:file:/C:/Users/Mark/.m2/repository/com/datastax/cassandra/cassandra-driver-dse/2.1.9/cassandra-driver-dse-2.1.9.jar!/com/], URL [jar:file:/C:/Users/Mark/.m2/repository/com/datastax/cassandra/cassandra-driver-core/2.1.9/cassandra-driver-core-2.1.9.jar!/com/], URL [jar:file:/C:/Users/Mark/.m2/repository/com/google/guava/guava/16.0.1/guava-16.0.1.jar!/com/], URL [jar:file:/C:/Users/Mark/.m2/repository/com/codahale/metrics/metrics-core/3.0.2/metrics-core-3.0.2.jar!/com/], URL [jar:file:/C:/Users/Mark/.m2/repository/com/fasterxml/jackson/datatype/jackson-datatype-guava/2.8.1/jackson-datatype-guava-2.8.1.jar!/com/], URL [jar:file:/C:/Users/Mark/.m2/repository/com/fasterxml/jackson/core/jackson-core/2.8.1/jackson-core-2.8.1.jar!/com/], URL [jar:file:/C:/Users/Mark/.m2/repository/com/fasterxml/jackson-xml-databind/0.6.2/jackson-xml-databind-0.6.2.jar!/com/]]
16:26:25.199 [main] DEBUG org.springframework.core.io.support.PathMatchingResourcePatternResolver - Looking for matching resources in directory tree [C:\Users\Mark\eclipse_workspaces\workspace_photoSorter\photo-sorter\target\test-classes\com]
16:26:25.199 [main] DEBUG org.springframework.core.io.support.PathMatchingResourcePatternResolver - Searching directory [C:\Users\Mark\eclipse_workspaces\workspace_photoSorter\photo-sorter\target\test-classes\com] for files matching pattern [C:/Users/Mark/eclipse_workspaces/workspace_photoSorter/photo-sorter/target/test-classes/com/*.class]
16:26:25.199 [main] DEBUG org.springframework.core.io.support.PathMatchingResourcePatternResolver - Looking for matching resources in directory tree [C:\Users\Mark\eclipse_workspaces\workspace_photoSorter\photo-sorter\target\classes\com]
16:26:25.200 [main] DEBUG org.springframework.core.io.support.PathMatchingResourcePatternResolver - Searching directory [C:\Users\Mark\eclipse_workspaces\workspace_photoSorter\photo-sorter\target\classes\com] for files matching pattern [C:/Users/Mark/eclipse_workspaces/workspace_photoSorter/photo-sorter/target/classes/com/*.class]
16:26:25.200 [main] DEBUG org.springframework.core.io.support.PathMatchingResourcePatternResolver - Looking for matching resources in jar file [file:/C:/Users/Mark/.m2/repository/com/fasterxml/classmate/1.3.1/classmate-1.3.1.jar]
16:26:25.201 [main] DEBUG org.springframework.core.io.support.PathMatchingResourcePatternResolver - Looking for matching resources in jar file [file:/C:/Users/Mark/.m2/repository/com/fasterxml/jackson/core/jackson-databind/2.8.1/jackson-databind-2.8.1.jar]
16:26:25.210 [main] DEBUG org.springframework.core.io.support.PathMatchingResourcePatternResolver - Looking for matching resources in jar file [file:/C:/Users/Mark/.m2/repository/com/fasterxml/jackson/core/jackson-annotations/2.8.1/jackson-annotations-2.8.1.jar]
16:26:25.211 [main] DEBUG org.springframework.core.io.support.PathMatchingResourcePatternResolver - Looking for matching resources in jar file [file:/C:/Users/Mark/.m2/repository/com/jayway/jsonpath/json-path/2.2.0/json-path-2.2.0.jar]
16:26:25.213 [main] DEBUG org.springframework.core.io.support.PathMatchingResourcePatternResolver - Looking for matching resources in jar file [file:/C:/Users/Mark/.m2/repository/com/datastax/cassandra/cassandra-driver-dse/2.1.9/cassandra-driver-dse-2.1.9.jar]
16:26:25.214 [main] DEBUG org.springframework.core.io.support.PathMatchingResourcePatternResolver - Looking for matching resources in jar file [file:/C:/Users/Mark/.m2/repository/com/datastax/cassandra/cassandra-driver-core/2.1.9/cassandra-driver-core-2.1.9.jar]
16:26:25.221 [main] DEBUG org.springframework.core.io.support.PathMatchingResourcePatternResolver - Looking for matching resources in jar file [file:/C:/Users/Mark/.m2/repository/com/google/guava/guava/16.0.1/guava-16.0.1.jar]
16:26:25.238 [main] DEBUG org.springframework.core.io.support.PathMatchingResourcePatternResolver - Looking for matching resources in jar file [file:/C:/Users/Mark/.m2/repository/com/codahale/metrics/metrics-core/3.0.2/metrics-core-3.0.2.jar]
16:26:25.239 [main] DEBUG org.springframework.core.io.support.PathMatchingResourcePatternResolver - Looking for matching resources in jar file [file:/C:/Users/Mark/.m2/repository/com/fasterxml/jackson/datatype/jackson-datatype-guava/2.8.1/jackson-datatype-guava-2.8.1.jar]
16:26:25.240 [main] DEBUG org.springframework.core.io.support.PathMatchingResourcePatternResolver - Looking for matching resources in jar file [file:/C:/Users/Mark/.m2/repository/com/fasterxml/jackson/core/jackson-core/2.8.1/jackson-core-2.8.1.jar]
16:26:25.241 [main] DEBUG org.springframework.core.io.support.PathMatchingResourcePatternResolver - Looking for matching resources in jar file [file:/C:/Users/Mark/.m2/repository/com/fasterxml/jackson-xml-databind/0.6.2/jackson-xml-databind-0.6.2.jar]
16:26:25.241 [main] DEBUG org.springframework.core.io.support.PathMatchingResourcePatternResolver - Resolved location pattern [classpath*:com/*.class] to resources []
]]></system-out>
  </testcase>
</testsuite>